app/build/outputs/logs/manifest-merger-debug-report.txt
-- Merging decision tree log ---
manifest
ADDED from src\main\AndroidManifest.xml:2:1-95:12
	package
		ADDED from src\main\AndroidManifest.xml:3:5-35
		INJECTED from src\main\AndroidManifest.xml
		INJECTED from src\main\AndroidManifest.xml
	android:versionName
		ADDED from src\main\AndroidManifest.xml:5:5-30
		INJECTED from src\main\AndroidManifest.xml
		INJECTED from src\main\AndroidManifest.xml
	android:versionCode
		ADDED from src\main\AndroidManifest.xml:4:5-28
		INJECTED from src\main\AndroidManifest.xml
		INJECTED from src\main\AndroidManifest.xml
	xmlns:android
		ADDED from src\main\AndroidManifest.xml:2:11-69
uses-sdk
ADDED from src\main\AndroidManifest.xml:7:5-9:41
	android:targetSdkVersion
		ADDED from src\main\AndroidManifest.xml:9:9-38
		INJECTED from src\main\AndroidManifest.xml
		INJECTED from src\main\AndroidManifest.xml
	android:minSdkVersion
		ADDED from src\main\AndroidManifest.xml:8:9-34
		INJECTED from src\main\AndroidManifest.xml
		INJECTED from src\main\AndroidManifest.xml
uses-permission#android.permission.KILL_BACKGROUND_PROCESSES
ADDED from src\main\AndroidManifest.xml:11:5-84
	android:name
		ADDED from src\main\AndroidManifest.xml:11:22-81
uses-permission#android.permission.READ_EXTERNAL_STORAGE
ADDED from src\main\AndroidManifest.xml:13:5-80
	android:name
		ADDED from src\main\AndroidManifest.xml:13:22-77
uses-permission#android.permission.WRITE_EXTERNAL_STORAGE
ADDED from src\main\AndroidManifest.xml:14:5-81
	android:name
		ADDED from src\main\AndroidManifest.xml:14:22-78
uses-permission#android.permission.READ_PHONE_STATE
ADDED from src\main\AndroidManifest.xml:16:5-75
	android:name
		ADDED from src\main\AndroidManifest.xml:16:22-72
uses-permission#android.permission.CAMERA
ADDED from src\main\AndroidManifest.xml:18:5-65
	android:name
		ADDED from src\main\AndroidManifest.xml:18:22-62
uses-feature#android.hardware.camera
ADDED from src\main\AndroidManifest.xml:20:5-60
	android:name
		ADDED from src\main\AndroidManifest.xml:20:19-57
uses-feature#android.hardware.camera.autofocus
ADDED from src\main\AndroidManifest.xml:21:5-70
	android:name
		ADDED from src\main\AndroidManifest.xml:21:19-67
uses-permission#android.permission.ACCESS_WIFI_STATE
ADDED from src\main\AndroidManifest.xml:23:5-76
	android:name
		ADDED from src\main\AndroidManifest.xml:23:22-73
uses-permission#android.permission.BLUETOOTH
ADDED from src\main\AndroidManifest.xml:25:5-68
	android:name
		ADDED from src\main\AndroidManifest.xml:25:22-65
uses-permission#android.permission.CALL_PHONE
ADDED from src\main\AndroidManifest.xml:27:5-69
	android:name
		ADDED from src\main\AndroidManifest.xml:27:22-66
uses-permission#android.permission.INTERNET
ADDED from src\main\AndroidManifest.xml:29:5-67
	android:name
		ADDED from src\main\AndroidManifest.xml:29:22-64
uses-permission#android.permission.RECEIVE_BOOT_COMPLETED
ADDED from src\main\AndroidManifest.xml:31:5-81
	android:name
		ADDED from src\main\AndroidManifest.xml:31:22-78
application
ADDED from src\main\AndroidManifest.xml:33:5-93:19
	android:label
		ADDED from src\main\AndroidManifest.xml:37:9-41
	android:allowBackup
		ADDED from src\main\AndroidManifest.xml:35:9-35
	android:icon
		ADDED from src\main\AndroidManifest.xml:36:9-45
	android:theme
		ADDED from src\main\AndroidManifest.xml:38:9-62
	android:name
		ADDED from src\main\AndroidManifest.xml:34:9-45
activity#edu.feicui.app.phone.main.LeadActivity
ADDED from src\main\AndroidManifest.xml:39:9-47:20
	android:label
		ADDED from src\main\AndroidManifest.xml:41:13-45
	android:name
		ADDED from src\main\AndroidManifest.xml:40:13-46
intent-filter#android.intent.action.MAIN+android.intent.category.LAUNCHER
ADDED from src\main\AndroidManifest.xml:42:13-46:29
action#android.intent.action.MAIN
ADDED from src\main\AndroidManifest.xml:43:17-69
	android:name
		ADDED from src\main\AndroidManifest.xml:43:25-66
category#android.intent.category.LAUNCHER
ADDED from src\main\AndroidManifest.xml:45:17-77
	android:name
		ADDED from src\main\AndroidManifest.xml:45:27-74
activity#edu.feicui.app.phone.main.LogoActivity
ADDED from src\main\AndroidManifest.xml:48:9-51:40
	android:label
		ADDED from src\main\AndroidManifest.xml:50:13-45
	android:noHistory
		ADDED from src\main\AndroidManifest.xml:51:13-37
	android:name
		ADDED from src\main\AndroidManifest.xml:49:13-46
activity#edu.feicui.app.phone.main.HomeActivity
ADDED from src\main\AndroidManifest.xml:52:9-61:20
	android:label
		ADDED from src\main\AndroidManifest.xml:54:13-45
	android:launchMode
		ADDED from src\main\AndroidManifest.xml:55:13-44
	android:name
		ADDED from src\main\AndroidManifest.xml:53:13-46
intent-filter#android.intent.category.DEFAULT+com.androidy.app.phone
ADDED from src\main\AndroidManifest.xml:56:13-60:29
action#com.androidy.app.phone
ADDED from src\main\AndroidManifest.xml:57:17-65
	android:name
		ADDED from src\main\AndroidManifest.xml:57:25-62
category#android.intent.category.DEFAULT
ADDED from src\main\AndroidManifest.xml:59:17-76
	android:name
		ADDED from src\main\AndroidManifest.xml:59:27-73
activity#edu.feicui.app.phone.main.SettingActivity
ADDED from src\main\AndroidManifest.xml:62:9-65:47
	android:label
		ADDED from src\main\AndroidManifest.xml:64:13-45
	android:launchMode
		ADDED from src\main\AndroidManifest.xml:65:13-44
	android:name
		ADDED from src\main\AndroidManifest.xml:63:13-49
activity#edu.feicui.app.phone.main.AboutActivity
ADDED from src\main\AndroidManifest.xml:66:9-74:20
	android:label
		ADDED from src\main\AndroidManifest.xml:68:13-45
	android:noHistory
		ADDED from src\main\AndroidManifest.xml:69:13-37
	android:name
		ADDED from src\main\AndroidManifest.xml:67:13-47
intent-filter#android.intent.action.BOOT_COMPLETED+android.intent.category.HOME
ADDED from src\main\AndroidManifest.xml:70:13-73:29
action#android.intent.action.BOOT_COMPLETED
ADDED from src\main\AndroidManifest.xml:71:17-78
	android:name
		ADDED from src\main\AndroidManifest.xml:71:25-76
category#android.intent.category.HOME
ADDED from src\main\AndroidManifest.xml:72:17-73
	android:name
		ADDED from src\main\AndroidManifest.xml:72:27-70
activity#edu.feicui.app.phone.main.TelmsgActivity
ADDED from src\main\AndroidManifest.xml:75:9-57
	android:name
		ADDED from src\main\AndroidManifest.xml:75:19-54
activity#edu.feicui.app.phone.main.TellistActivity
ADDED from src\main\AndroidManifest.xml:76:9-58
	android:name
		ADDED from src\main\AndroidManifest.xml:76:19-55
activity#edu.feicui.app.phone.main.SoftmgrActivity
ADDED from src\main\AndroidManifest.xml:77:9-58
	android:name
		ADDED from src\main\AndroidManifest.xml:77:19-55
activity#edu.feicui.app.phone.main.SoftmgrAppshowActivity
ADDED from src\main\AndroidManifest.xml:78:9-65
	android:name
		ADDED from src\main\AndroidManifest.xml:78:19-62
activity#edu.feicui.app.phone.main.PhonemgrActivity
ADDED from src\main\AndroidManifest.xml:79:9-59
	android:name
		ADDED from src\main\AndroidManifest.xml:79:19-56
activity#edu.feicui.app.phone.main.SpeedupActivity
ADDED from src\main\AndroidManifest.xml:80:9-58
	android:name
		ADDED from src\main\AndroidManifest.xml:80:19-55
activity#edu.feicui.app.phone.main.FilemgrActivity
ADDED from src\main\AndroidManifest.xml:81:9-57
	android:name
		ADDED from src\main\AndroidManifest.xml:81:19-55
activity#edu.feicui.app.phone.main.FilemgrShowActivity
ADDED from src\main\AndroidManifest.xml:82:9-61
	android:name
		ADDED from src\main\AndroidManifest.xml:82:19-59
activity#edu.feicui.app.phone.main.ClearActivity
ADDED from src\main\AndroidManifest.xml:83:9-55
	android:name
		ADDED from src\main\AndroidManifest.xml:83:19-53
receiver#edu.feicui.app.phone.service.BootBroadcastReceiver
ADDED from src\main\AndroidManifest.xml:85:9-90:20
	android:name
		ADDED from src\main\AndroidManifest.xml:85:19-84
service#edu.feicui.app.phone.service.MusicService
ADDED from src\main\AndroidManifest.xml:91:9-57
	android:name
		ADDED from src\main\AndroidManifest.xml:91:18-54